  소스.cpp
d:\zeikar\zeikar's world 4\programming\c++\acmicpc_net\10828\소스.cpp(23): error C2065: 'my_stack': 선언되지 않은 식별자입니다.
d:\zeikar\zeikar's world 4\programming\c++\acmicpc_net\10828\소스.cpp(23): error C2228: '.push' 왼쪽에는 클래스/구조체/공용 구조체가 있어야 합니다.
  d:\zeikar\zeikar's world 4\programming\c++\acmicpc_net\10828\소스.cpp(23): note: 'unknown-type' 형식입니다.
d:\zeikar\zeikar's world 4\programming\c++\acmicpc_net\10828\소스.cpp(27): error C2065: 'my_stack': 선언되지 않은 식별자입니다.
d:\zeikar\zeikar's world 4\programming\c++\acmicpc_net\10828\소스.cpp(27): error C2228: '.empty' 왼쪽에는 클래스/구조체/공용 구조체가 있어야 합니다.
  d:\zeikar\zeikar's world 4\programming\c++\acmicpc_net\10828\소스.cpp(27): note: 'unknown-type' 형식입니다.
d:\zeikar\zeikar's world 4\programming\c++\acmicpc_net\10828\소스.cpp(33): error C2065: 'my_stack': 선언되지 않은 식별자입니다.
d:\zeikar\zeikar's world 4\programming\c++\acmicpc_net\10828\소스.cpp(33): error C2228: '.top' 왼쪽에는 클래스/구조체/공용 구조체가 있어야 합니다.
  d:\zeikar\zeikar's world 4\programming\c++\acmicpc_net\10828\소스.cpp(33): note: 'unknown-type' 형식입니다.
d:\zeikar\zeikar's world 4\programming\c++\acmicpc_net\10828\소스.cpp(34): error C2065: 'my_stack': 선언되지 않은 식별자입니다.
d:\zeikar\zeikar's world 4\programming\c++\acmicpc_net\10828\소스.cpp(34): error C2228: '.pop' 왼쪽에는 클래스/구조체/공용 구조체가 있어야 합니다.
  d:\zeikar\zeikar's world 4\programming\c++\acmicpc_net\10828\소스.cpp(34): note: 'unknown-type' 형식입니다.
d:\zeikar\zeikar's world 4\programming\c++\acmicpc_net\10828\소스.cpp(39): error C2065: 'my_stack': 선언되지 않은 식별자입니다.
d:\zeikar\zeikar's world 4\programming\c++\acmicpc_net\10828\소스.cpp(39): error C2228: '.size' 왼쪽에는 클래스/구조체/공용 구조체가 있어야 합니다.
  d:\zeikar\zeikar's world 4\programming\c++\acmicpc_net\10828\소스.cpp(39): note: 'unknown-type' 형식입니다.
d:\zeikar\zeikar's world 4\programming\c++\acmicpc_net\10828\소스.cpp(43): error C2065: 'my_stack': 선언되지 않은 식별자입니다.
d:\zeikar\zeikar's world 4\programming\c++\acmicpc_net\10828\소스.cpp(43): error C2228: '.empty' 왼쪽에는 클래스/구조체/공용 구조체가 있어야 합니다.
  d:\zeikar\zeikar's world 4\programming\c++\acmicpc_net\10828\소스.cpp(43): note: 'unknown-type' 형식입니다.
d:\zeikar\zeikar's world 4\programming\c++\acmicpc_net\10828\소스.cpp(47): error C2065: 'my_stack': 선언되지 않은 식별자입니다.
d:\zeikar\zeikar's world 4\programming\c++\acmicpc_net\10828\소스.cpp(47): error C2228: '.empty' 왼쪽에는 클래스/구조체/공용 구조체가 있어야 합니다.
  d:\zeikar\zeikar's world 4\programming\c++\acmicpc_net\10828\소스.cpp(47): note: 'unknown-type' 형식입니다.
d:\zeikar\zeikar's world 4\programming\c++\acmicpc_net\10828\소스.cpp(53): error C2065: 'my_stack': 선언되지 않은 식별자입니다.
d:\zeikar\zeikar's world 4\programming\c++\acmicpc_net\10828\소스.cpp(53): error C2228: '.top' 왼쪽에는 클래스/구조체/공용 구조체가 있어야 합니다.
  d:\zeikar\zeikar's world 4\programming\c++\acmicpc_net\10828\소스.cpp(53): note: 'unknown-type' 형식입니다.
